<?xml version="1.0" encoding="UTF-8"?>
<testng-results skipped="0" failed="0" total="2" passed="2">
  <reporter-output>
  </reporter-output>
  <suite name="Suite" duration-ms="67194" started-at="2018-06-30T02:01:31Z" finished-at="2018-06-30T02:02:38Z">
    <groups>
    </groups>
    <test name="On Firefox" duration-ms="65387" started-at="2018-06-30T02:01:31Z" finished-at="2018-06-30T02:02:36Z">
      <class name="grid.GridEg1">
        <test-method status="PASS" signature="gg(java.lang.String, java.lang.String)[pri:0, instance:grid.GridEg1@56f4468b]" name="gg" duration-ms="65258" started-at="2018-06-30T07:31:31Z" finished-at="2018-06-30T07:32:36Z">
          <params>
            <param index="0">
              <value>
                <![CDATA[firefox]]>
              </value>
            </param>
            <param index="1">
              <value>
                <![CDATA[windows]]>
              </value>
            </param>
          </params>
          <reporter-output>
          </reporter-output>
        </test-method> <!-- gg -->
      </class> <!-- grid.GridEg1 -->
    </test> <!-- On Firefox -->
    <test name="On Chrome" duration-ms="67194" started-at="2018-06-30T02:01:31Z" finished-at="2018-06-30T02:02:38Z">
      <class name="grid.GridEg1">
        <test-method status="PASS" signature="gg(java.lang.String, java.lang.String)[pri:0, instance:grid.GridEg1@51565ec2]" name="gg" duration-ms="67085" started-at="2018-06-30T07:31:31Z" finished-at="2018-06-30T07:32:38Z">
          <params>
            <param index="0">
              <value>
                <![CDATA[chrome]]>
              </value>
            </param>
            <param index="1">
              <value>
                <![CDATA[windows]]>
              </value>
            </param>
          </params>
          <reporter-output>
          </reporter-output>
        </test-method> <!-- gg -->
      </class> <!-- grid.GridEg1 -->
    </test> <!-- On Chrome -->
  </suite> <!-- Suite -->
</testng-results>
